🚀 Iniciando robô
 Iniciando sincronização da agenda
 Buscando conexões: 1 encontradas
 Processando turma: 181M
Using selector: EpollSelector
Cookies carregados
Acessando sistema...
Modal de boas-vindas fechado
Future exception was never retrieved
future: <Future finished exception=TargetClosedError('Target page, context or browser has been closed')>
playwright._impl._errors.TargetClosedError: Target page, context or browser has been closed
Future exception was never retrieved
future: <Future finished exception=TargetClosedError('Target page, context or browser has been closed')>
playwright._impl._errors.TargetClosedError: Target page, context or browser has been closed
🚀 Iniciando robô
 Iniciando sincronização da agenda
 Buscando conexões: 1 encontradas
 Processando turma: 181M
Using selector: EpollSelector
Cookies carregados
Acessando sistema...
Modal de boas-vindas fechado
Token JWT não encontrado no localStorage — fetch usará contexto de sessão
Consultando API: 2026-04-01 até 2026-05-31
0 eventos encontrados
 Eventos encontrados: 0
 Eventos salvos: 0 | Ignorados (já existentes): 0
✅ Processo finalizado
🚀 Iniciando robô
 Iniciando sincronização da agenda
 Buscando conexões: 1 encontradas
 Processando turma: 181M
Using selector: EpollSelector
Cookies carregados
Acessando sistema...
Modal de boas-vindas fechado
Token JWT não encontrado no localStorage — fetch usará contexto de sessão
Consultando API: 2026-04-01 até 2026-05-31
0 eventos encontrados
 Eventos encontrados: 0
 Eventos salvos: 0 | Ignorados (já existentes): 0
✅ Processo finalizado
🚀 Iniciando robô
 Iniciando sincronização da agenda
 Buscando conexões: 1 encontradas
 Processando turma: 181M
Using selector: EpollSelector
Cookies carregados
Acessando sistema...
Modal de boas-vindas fechado
Token JWT não encontrado no localStorage — fetch usará contexto de sessão
Consultando API: 2026-04-01 até 2026-05-31
0 eventos encontrados
 Eventos encontrados: 0
 Eventos salvos: 0 | Ignorados (já existentes): 0
✅ Processo finalizado
🚀 Iniciando robô
 Iniciando sincronização da agenda
 Buscando conexões: 1 encontradas
 Processando turma: 181M
Using selector: EpollSelector
Cookies carregados
Acessando sistema...
Modal de boas-vindas fechado
Token JWT não encontrado no localStorage — fetch usará contexto de sessão
Consultando API: 2026-04-01 até 2026-05-31
0 eventos encontrados
 Eventos encontrados: 0
 Eventos salvos: 0 | Ignorados (já existentes): 0
✅ Processo finalizado
🚀 Iniciando robô
 Iniciando sincronização da agenda
 Buscando conexões: 1 encontradas
 Processando turma: 181M
Using selector: EpollSelector
Cookies carregados
Acessando sistema...
Modal de boas-vindas fechado
Erro: Page.wait_for_timeout: Target page, context or browser has been closed
 Eventos encontrados: 0
 Eventos salvos: 0 | Ignorados (já existentes): 0
✅ Processo finalizado
🚀 Iniciando robô
 Iniciando sincronização da agenda
 Buscando conexões: 1 encontradas
 Processando turma: 181M
Using selector: EpollSelector
Cookies carregados
Acessando sistema...
Modal de boas-vindas fechado
Token JWT não encontrado no localStorage — fetch usará contexto de sessão
Consultando API: 2026-04-01 até 2026-05-31
0 eventos encontrados
 Eventos encontrados: 0
 Eventos salvos: 0 | Ignorados (já existentes): 0
✅ Processo finalizado
🚀 Iniciando robô
 Iniciando sincronização da agenda
 Buscando conexões: 1 encontradas
 Processando turma: 181M
Using selector: EpollSelector
Cookies carregados
Acessando sistema...
Modal de boas-vindas fechado
Token JWT não encontrado no localStorage — fetch usará contexto de sessão
Consultando API: 2026-04-01 até 2026-05-31
Erro: Page.evaluate: SyntaxError: Unexpected token '<', "<!DOCTYPE "... is not valid JSON
 Eventos encontrados: 0
 Eventos salvos: 0 | Ignorados (já existentes): 0
✅ Processo finalizado
🚀 Iniciando robô
 Iniciando sincronização da agenda
 Buscando conexões: 1 encontradas
 Processando turma: 181M
Using selector: EpollSelector
Cookies carregados
Acessando sistema...
Modal de boas-vindas fechado
Token JWT não encontrado no localStorage — fetch usará contexto de sessão
Consultando API: 2026-04-01 até 2026-05-31
0 eventos encontrados
 Eventos encontrados: 0
 Eventos salvos: 0 | Ignorados (já existentes): 0
✅ Processo finalizado
🚀 Iniciando robô
 Iniciando sincronização da agenda
 Buscando conexões: 1 encontradas
 Processando turma: 181M
Using selector: EpollSelector
Cookies carregados
Acessando agenda...
Modal de boas-vindas fechado
Alternando para visão Lista...
Timeout: Locator.click: Timeout 30000ms exceeded.
Call log:
  - waiting for get_by_role("button", name="Lista")

 Eventos encontrados: 0
 Eventos salvos: 0 | Ignorados (já existentes): 0
✅ Processo finalizado
🚀 Iniciando robô
 Iniciando sincronização da agenda
 Buscando conexões: 1 encontradas
 Processando turma: 181M
Using selector: EpollSelector
Cookies carregados
Acessando agenda...
Modal de boas-vindas fechado
Alternando para visão Minha Área...
Alternando para visão Agenda...
Alternando para visão Lista...
25 linhas encontradas na tabela
25 eventos extraídos
 Eventos encontrados: 25
 ERRO ao processar turma 181M — continuando com as demais
✅ Processo finalizado
🚀 Iniciando robô
 Iniciando sincronização da agenda
 Buscando conexões: 1 encontradas
 Processando turma: 181M
Using selector: EpollSelector
Cookies carregados
Acessando agenda...
Modal de boas-vindas fechado
Alternando para visão Minha Área...
Alternando para visão Agenda...
Alternando para visão Lista...
25 linhas encontradas na tabela
25 eventos extraídos
 Eventos encontrados: 25
 Eventos salvos: 25 | Ignorados (já existentes): 0
✅ Processo finalizado
Watching for file changes with StatReloader
Not Found: /favicon.ico
